<?xml version="1.0" encoding="UTF-8"?>
<!-- Generated by org.testng.reporters.JUnitXMLReporter -->
<testsuite ignored="0" hostname="HAsLaptop" failures="0" tests="4" name="Test1" time="8.696" errors="0" timestamp="2025-09-11T14:28:06 IST">
  <testcase classname="testScript.LoginTest" name="verifyUserLoginWithValidCredential" time="1.139"/>
  <testcase classname="testScript.LoginTest" name="verifyUserLoginWithInvalidUserNameAndValidPassword" time="0.46"/>
  <testcase classname="testScript.LoginTest" name="verifyUserLoginWithValidUserNameAndInvalidPassword" time="0.44"/>
  <testcase classname="testScript.LoginTest" name="verifyUserLoginWithInvalidCredential" time="0.483"/>
</testsuite> <!-- Test1 -->
