<?xml version="1.0" encoding="UTF-8"?>
<!-- Generated by org.testng.reporters.JUnitXMLReporter -->
<testsuite ignored="2" hostname="HAsLaptop" failures="0" tests="2" name="Test" time="4.941" errors="0" timestamp="2025-09-11T15:58:25 IST">
  <testcase classname="testScript.LoginTest" name="verifyUserLoginWithValidCredential" time="1.106"/>
  <testcase classname="testScript.LoginTest" name="verifyUserLoginWithInvalidCredential" time="0.396"/>
  <testcase classname="testScript.LoginTest" name="verifyUserLoginWithInvalidUserNameAndValidPassword" time="0.0">
    <ignored/>
  </testcase> <!-- verifyUserLoginWithInvalidUserNameAndValidPassword -->
  <testcase classname="testScript.LoginTest" name="verifyUserLoginWithValidUserNameAndInvalidPassword" time="0.0">
    <ignored/>
  </testcase> <!-- verifyUserLoginWithValidUserNameAndInvalidPassword -->
</testsuite> <!-- Test -->
