<?xml version="1.0" encoding="UTF-8"?>
<!-- Generated by org.testng.reporters.JUnitXMLReporter -->
<testsuite ignored="3" hostname="HAsLaptop" failures="0" tests="1" name="Test" time="5.706" errors="0" timestamp="2025-09-03T17:51:50 IST">
  <testcase classname="testScript.LoginTest" name="verifyUserLoginWithValidCredential" time="1.884"/>
  <testcase classname="testScript.LoginTest" name="verifyUserLoginWithInvalidUserNameAndValidPassword" time="0.0">
    <ignored/>
  </testcase> <!-- verifyUserLoginWithInvalidUserNameAndValidPassword -->
  <testcase classname="testScript.LoginTest" name="verifyUserLoginWithValidUserNameAndInvalidPassword" time="0.0">
    <ignored/>
  </testcase> <!-- verifyUserLoginWithValidUserNameAndInvalidPassword -->
  <testcase classname="testScript.LoginTest" name="verifyUserLoginWithInvalidCredential" time="0.0">
    <ignored/>
  </testcase> <!-- verifyUserLoginWithInvalidCredential -->
</testsuite> <!-- Test -->
