<?xml version="1.0" encoding="UTF-8"?>
<testng-results ignored="3" total="4" passed="1" failed="0" skipped="0">
  <reporter-output>
  </reporter-output>
  <suite started-at="2025-09-03T17:51:45 IST" name="Suite" finished-at="2025-09-03T17:51:50 IST" duration-ms="5706">
    <groups>
    </groups>
    <test started-at="2025-09-03T17:51:45 IST" name="Test" finished-at="2025-09-03T17:51:50 IST" duration-ms="5706">
      <class name="testScript.LoginTest">
        <test-method is-config="true" signature="initializeBrowser()[pri:0, instance:testScript.LoginTest@5b7a5baa]" started-at="2025-09-03T17:51:45 IST" name="initializeBrowser" finished-at="2025-09-03T17:51:48 IST" duration-ms="3494" status="PASS">
          <reporter-output>
          </reporter-output>
        </test-method> <!-- initializeBrowser -->
        <test-method signature="verifyUserLoginWithValidCredential()[pri:1, instance:testScript.LoginTest@5b7a5baa]" started-at="2025-09-03T17:51:48 IST" name="verifyUserLoginWithValidCredential" description="Successful User Login with valid credentials" finished-at="2025-09-03T17:51:50 IST" duration-ms="1884" status="PASS">
          <reporter-output>
          </reporter-output>
        </test-method> <!-- verifyUserLoginWithValidCredential -->
        <test-method is-config="true" signature="driverQuit(org.testng.ITestResult)[pri:0, instance:testScript.LoginTest@5b7a5baa]" started-at="2025-09-03T17:51:50 IST" name="driverQuit" finished-at="2025-09-03T17:51:50 IST" duration-ms="255" status="PASS">
          <params>
            <param index="0">
              <value>
                <![CDATA[[TestResult name=verifyUserLoginWithValidCredential status=SUCCESS method=LoginTest.verifyUserLoginWithValidCredential()[pri:1, instance:testScript.LoginTest@5b7a5baa] output={null}]]]>
              </value>
            </param>
          </params>
          <reporter-output>
          </reporter-output>
        </test-method> <!-- driverQuit -->
      </class> <!-- testScript.LoginTest -->
    </test> <!-- Test -->
  </suite> <!-- Suite -->
</testng-results>
