<?xml version="1.0" encoding="UTF-8"?>
<!-- Generated by org.testng.reporters.JUnitXMLReporter -->
<testsuite ignored="1" hostname="HAsLaptop" failures="0" tests="1" name="Default test" time="4.944" errors="0" timestamp="2025-09-08T20:51:15 IST">
  <testcase classname="testScript.AdminUsersTest" name="verifySearchingNewlyCreatedUser" time="2.358"/>
  <testcase classname="testScript.AdminUsersTest" name="verifyNewUserCreationInAdminUsersPage" time="0.0">
    <ignored/>
  </testcase> <!-- verifyNewUserCreationInAdminUsersPage -->
</testsuite> <!-- Default test -->
