<?xml version="1.0" encoding="UTF-8"?>
<!-- Generated by org.testng.reporters.JUnitXMLReporter -->
<testsuite ignored="3" hostname="HAsLaptop" failures="0" tests="1" name="ChromeTest" time="3.395" errors="0" timestamp="2025-09-10T14:39:40 IST">
  <testcase classname="testScript.LoginTest" name="verifyUserLoginWithValidCredential" time="1.23"/>
  <testcase classname="testScript.LoginTest" name="verifyUserLoginWithInvalidCredential" time="0.0">
    <ignored/>
  </testcase> <!-- verifyUserLoginWithInvalidCredential -->
  <testcase classname="testScript.LoginTest" name="verifyUserLoginWithValidUserNameAndInvalidPassword" time="0.0">
    <ignored/>
  </testcase> <!-- verifyUserLoginWithValidUserNameAndInvalidPassword -->
  <testcase classname="testScript.LoginTest" name="verifyUserLoginWithInvalidUserNameAndValidPassword" time="0.0">
    <ignored/>
  </testcase> <!-- verifyUserLoginWithInvalidUserNameAndValidPassword -->
</testsuite> <!-- ChromeTest -->
